[debug] [2022-11-23T15:40:26.509Z] ----------------------------------------------------------------------
[debug] [2022-11-23T15:40:26.510Z] Command:       /usr/local/bin/node /usr/local/bin/firebase init
[debug] [2022-11-23T15:40:26.510Z] CLI Version:   11.16.1
[debug] [2022-11-23T15:40:26.510Z] Platform:      darwin
[debug] [2022-11-23T15:40:26.510Z] Node Version:  v16.14.0
[debug] [2022-11-23T15:40:26.511Z] Time:          Wed Nov 23 2022 17:40:26 GMT+0200 (Eastern European Standard Time)
[debug] [2022-11-23T15:40:26.511Z] ----------------------------------------------------------------------
[debug] 
[debug] [2022-11-23T15:40:26.514Z] > command requires scopes: ["email","openid","https://www.googleapis.com/auth/cloudplatformprojects.readonly","https://www.googleapis.com/auth/firebase","https://www.googleapis.com/auth/cloud-platform"]
[debug] [2022-11-23T15:40:26.514Z] > authorizing via signed-in user (gouvispan@gmail.com)
[info] 
     ######## #### ########  ######## ########     ###     ######  ########
     ##        ##  ##     ## ##       ##     ##  ##   ##  ##       ##
     ######    ##  ########  ######   ########  #########  ######  ######
     ##        ##  ##    ##  ##       ##     ## ##     ##       ## ##
     ##       #### ##     ## ######## ########  ##     ##  ######  ########

You're about to initialize a Firebase project in this directory:

  /Users/panagiotisgouvis/Desktop/REACT MATERIAL/portfolio-app/portfolio-app

[info] 
=== Project Setup
[info] 
[info] First, let's associate this project directory with a Firebase project.
[info] You can create multiple project aliases by running firebase use --add, 
[info] but for now we'll just set up a default project.
[info] 
[debug] [2022-11-23T15:40:39.420Z] > refreshing access token with scopes: []
[debug] [2022-11-23T15:40:39.424Z] >>> [apiv2][query] POST https://www.googleapis.com/oauth2/v3/token [none]
[debug] [2022-11-23T15:40:39.424Z] >>> [apiv2][body] POST https://www.googleapis.com/oauth2/v3/token [omitted]
[debug] [2022-11-23T15:40:39.657Z] <<< [apiv2][status] POST https://www.googleapis.com/oauth2/v3/token 200
[debug] [2022-11-23T15:40:39.657Z] <<< [apiv2][body] POST https://www.googleapis.com/oauth2/v3/token [omitted]
[debug] [2022-11-23T15:40:39.702Z] >>> [apiv2][query] GET https://firebase.googleapis.com/v1beta1/projects pageSize=100
[debug] [2022-11-23T15:40:40.354Z] <<< [apiv2][status] GET https://firebase.googleapis.com/v1beta1/projects 200
[debug] [2022-11-23T15:40:40.354Z] <<< [apiv2][body] GET https://firebase.googleapis.com/v1beta1/projects [omitted]
[info] i  Using project gouvis-panagiotis (Gouvis-Panagiotis) 
[info] 
=== Hosting Setup
[info] 
[info] Your public directory is the folder (relative to your project directory) that
[info] will contain Hosting assets to be uploaded with firebase deploy. If you
[info] have a build process for your assets, use your build's output directory.
[info] 
